<?xml version="1.0" encoding="UTF-8"?>
<!-- Generated by org.testng.reporters.JUnitXMLReporter -->
<testsuite ignored="0" hostname="DESKTOP-IHEU94V" failures="1" tests="3" name="Test" time="0.084" errors="0" timestamp="2023-06-30T10:26:26 IST">
  <testcase classname="Testscripts.Runnerclass_depend1" name="test1" time="0.016"/>
  <testcase classname="Testscripts.Runnerclass_depend1" name="test2" time="0.004">
    <failure type="java.lang.AssertionError" message="null">
      <![CDATA[java.lang.AssertionError: null
at Testscripts.Runnerclass_depend1.test2(Runnerclass_depend1.java:15)
at java.base/java.util.ArrayList.forEach(ArrayList.java:1511)
... Removed 29 stack frames]]>
    </failure>
  </testcase> <!-- test2 -->
  <testcase classname="Testscripts.Runnerclass_depend1" name="test3" time="0.0">
    <skipped/>
  </testcase> <!-- test3 -->
</testsuite> <!-- Test -->
